2023-01-27 14:55:38.359  INFO 5868 --- [restartedMain] kr.co.sboard.SboardApplication           : Starting SboardApplication using Java 17.0.5 on DESKTOP-QOTDKI5 with PID 5868 (C:\Users\java2\Desktop\Workspace\SpringBoot\Sboard\target\classes started by java2 in C:\Users\java2\Desktop\Workspace\SpringBoot\Sboard)
2023-01-27 14:55:38.363  INFO 5868 --- [restartedMain] kr.co.sboard.SboardApplication           : No active profile set, falling back to 1 default profile: "default"
2023-01-27 14:55:38.415  INFO 5868 --- [restartedMain] .e.DevToolsPropertyDefaultsPostProcessor : Devtools property defaults active! Set 'spring.devtools.add-properties' to 'false' to disable
2023-01-27 14:55:38.415  INFO 5868 --- [restartedMain] .e.DevToolsPropertyDefaultsPostProcessor : For additional web related logging consider setting the 'logging.level.web' property to 'DEBUG'
2023-01-27 14:55:38.975  INFO 5868 --- [restartedMain] .s.d.r.c.RepositoryConfigurationDelegate : Bootstrapping Spring Data JPA repositories in DEFAULT mode.
2023-01-27 14:55:39.026  INFO 5868 --- [restartedMain] .s.d.r.c.RepositoryConfigurationDelegate : Finished Spring Data repository scanning in 41 ms. Found 2 JPA repository interfaces.
2023-01-27 14:55:39.610  INFO 5868 --- [restartedMain] o.s.b.w.embedded.tomcat.TomcatWebServer  : Tomcat initialized with port(s): 8080 (http)
2023-01-27 14:55:39.621  INFO 5868 --- [restartedMain] o.apache.catalina.core.StandardService   : Starting service [Tomcat]
2023-01-27 14:55:39.621  INFO 5868 --- [restartedMain] org.apache.catalina.core.StandardEngine  : Starting Servlet engine: [Apache Tomcat/9.0.70]
2023-01-27 14:55:39.698  INFO 5868 --- [restartedMain] o.a.c.c.C.[.[localhost].[/Sboard]        : Initializing Spring embedded WebApplicationContext
2023-01-27 14:55:39.699  INFO 5868 --- [restartedMain] w.s.c.ServletWebServerApplicationContext : Root WebApplicationContext: initialization completed in 1283 ms
2023-01-27 14:55:39.870  INFO 5868 --- [restartedMain] o.hibernate.jpa.internal.util.LogHelper  : HHH000204: Processing PersistenceUnitInfo [name: default]
2023-01-27 14:55:39.916  INFO 5868 --- [restartedMain] org.hibernate.Version                    : HHH000412: Hibernate ORM core version 5.6.14.Final
2023-01-27 14:55:40.061  INFO 5868 --- [restartedMain] o.hibernate.annotations.common.Version   : HCANN000001: Hibernate Commons Annotations {5.1.2.Final}
2023-01-27 14:55:40.157  INFO 5868 --- [restartedMain] com.zaxxer.hikari.HikariDataSource       : HikariPool-1 - Starting...
2023-01-27 14:55:40.423  INFO 5868 --- [restartedMain] com.zaxxer.hikari.HikariDataSource       : HikariPool-1 - Start completed.
2023-01-27 14:55:40.437  INFO 5868 --- [restartedMain] org.hibernate.dialect.Dialect            : HHH000400: Using dialect: org.hibernate.dialect.MySQL57Dialect
2023-01-27 14:55:40.968  INFO 5868 --- [restartedMain] o.h.e.t.j.p.i.JtaPlatformInitiator       : HHH000490: Using JtaPlatform implementation: [org.hibernate.engine.transaction.jta.platform.internal.NoJtaPlatform]
2023-01-27 14:55:40.975  INFO 5868 --- [restartedMain] j.LocalContainerEntityManagerFactoryBean : Initialized JPA EntityManagerFactory for persistence unit 'default'
2023-01-27 14:55:41.616  INFO 5868 --- [restartedMain] o.s.s.web.DefaultSecurityFilterChain     : Will secure any request with [org.springframework.security.web.session.DisableEncodeUrlFilter@620e1eb6, org.springframework.security.web.context.request.async.WebAsyncManagerIntegrationFilter@24ec5fb9, org.springframework.security.web.context.SecurityContextPersistenceFilter@5deec440, org.springframework.security.web.header.HeaderWriterFilter@7b31bdec, org.springframework.security.web.authentication.logout.LogoutFilter@27ad9a63, org.springframework.security.web.authentication.UsernamePasswordAuthenticationFilter@42bacb04, org.springframework.security.web.savedrequest.RequestCacheAwareFilter@3193125b, org.springframework.security.web.servletapi.SecurityContextHolderAwareRequestFilter@38a1a11c, org.springframework.security.web.authentication.rememberme.RememberMeAuthenticationFilter@282dc137, org.springframework.security.web.authentication.AnonymousAuthenticationFilter@1daf85e2, org.springframework.security.web.session.SessionManagementFilter@7681c4c4, org.springframework.security.web.access.ExceptionTranslationFilter@5df8d7c8, org.springframework.security.web.access.intercept.AuthorizationFilter@3cec0898]
2023-01-27 14:55:41.647  WARN 5868 --- [restartedMain] JpaBaseConfiguration$JpaWebConfiguration : spring.jpa.open-in-view is enabled by default. Therefore, database queries may be performed during view rendering. Explicitly configure spring.jpa.open-in-view to disable this warning
2023-01-27 14:55:41.950  WARN 5868 --- [restartedMain] o.s.b.d.a.OptionalLiveReloadServer       : Unable to start LiveReload server
2023-01-27 14:55:41.987  INFO 5868 --- [restartedMain] o.s.b.w.embedded.tomcat.TomcatWebServer  : Tomcat started on port(s): 8080 (http) with context path '/Sboard'
2023-01-27 14:55:41.996  INFO 5868 --- [restartedMain] kr.co.sboard.SboardApplication           : Started SboardApplication in 3.973 seconds (JVM running for 4.685)
2023-01-27 14:58:58.433  INFO 5868 --- [http-nio-8080-exec-2] o.a.c.c.C.[.[localhost].[/Sboard]        : Initializing Spring DispatcherServlet 'dispatcherServlet'
2023-01-27 14:58:58.434  INFO 5868 --- [http-nio-8080-exec-2] o.s.web.servlet.DispatcherServlet        : Initializing Servlet 'dispatcherServlet'
2023-01-27 14:58:58.435  INFO 5868 --- [http-nio-8080-exec-2] o.s.web.servlet.DispatcherServlet        : Completed initialization in 1 ms
2023-01-27 14:59:09.697  INFO 5868 --- [http-nio-8080-exec-8] k.c.sboard.controller.ArticleController  : groupStart :1
2023-01-27 14:59:09.697  INFO 5868 --- [http-nio-8080-exec-8] k.c.sboard.controller.ArticleController  : groupEnd :10
2023-01-27 14:59:30.748  INFO 5868 --- [http-nio-8080-exec-10] k.c.sboard.controller.ArticleController  : groupStart :1
2023-01-27 14:59:30.748  INFO 5868 --- [http-nio-8080-exec-10] k.c.sboard.controller.ArticleController  : groupEnd :10
2023-01-27 14:59:31.888  INFO 5868 --- [http-nio-8080-exec-2] k.c.sboard.controller.ArticleController  : groupStart :1
2023-01-27 14:59:31.889  INFO 5868 --- [http-nio-8080-exec-2] k.c.sboard.controller.ArticleController  : groupEnd :10
2023-01-27 14:59:32.991  INFO 5868 --- [http-nio-8080-exec-5] k.c.sboard.controller.ArticleController  : groupStart :11
2023-01-27 14:59:32.991  INFO 5868 --- [http-nio-8080-exec-5] k.c.sboard.controller.ArticleController  : groupEnd :14
2023-01-27 14:59:34.176  INFO 5868 --- [http-nio-8080-exec-4] k.c.sboard.controller.ArticleController  : groupStart :11
2023-01-27 14:59:34.177  INFO 5868 --- [http-nio-8080-exec-4] k.c.sboard.controller.ArticleController  : groupEnd :14
2023-01-27 14:59:34.920  INFO 5868 --- [http-nio-8080-exec-8] k.c.sboard.controller.ArticleController  : groupStart :11
2023-01-27 14:59:34.920  INFO 5868 --- [http-nio-8080-exec-8] k.c.sboard.controller.ArticleController  : groupEnd :14
2023-01-27 14:59:35.784  INFO 5868 --- [http-nio-8080-exec-10] k.c.sboard.controller.ArticleController  : groupStart :11
2023-01-27 14:59:35.785  INFO 5868 --- [http-nio-8080-exec-10] k.c.sboard.controller.ArticleController  : groupEnd :14
2023-01-27 14:59:36.466  INFO 5868 --- [http-nio-8080-exec-2] k.c.sboard.controller.ArticleController  : groupStart :11
2023-01-27 14:59:36.466  INFO 5868 --- [http-nio-8080-exec-2] k.c.sboard.controller.ArticleController  : groupEnd :14
2023-01-27 14:59:37.070  INFO 5868 --- [http-nio-8080-exec-5] k.c.sboard.controller.ArticleController  : groupStart :1
2023-01-27 14:59:37.070  INFO 5868 --- [http-nio-8080-exec-5] k.c.sboard.controller.ArticleController  : groupEnd :10
2023-01-27 14:59:37.849  INFO 5868 --- [http-nio-8080-exec-4] k.c.sboard.controller.ArticleController  : groupStart :1
2023-01-27 14:59:37.849  INFO 5868 --- [http-nio-8080-exec-4] k.c.sboard.controller.ArticleController  : groupEnd :10
2023-01-27 14:59:38.324  INFO 5868 --- [http-nio-8080-exec-8] k.c.sboard.controller.ArticleController  : groupStart :1
2023-01-27 14:59:38.324  INFO 5868 --- [http-nio-8080-exec-8] k.c.sboard.controller.ArticleController  : groupEnd :10
2023-01-27 14:59:38.855  INFO 5868 --- [http-nio-8080-exec-10] k.c.sboard.controller.ArticleController  : groupStart :1
2023-01-27 14:59:38.855  INFO 5868 --- [http-nio-8080-exec-10] k.c.sboard.controller.ArticleController  : groupEnd :10
2023-01-27 14:59:39.849  INFO 5868 --- [http-nio-8080-exec-2] k.c.sboard.controller.ArticleController  : groupStart :1
2023-01-27 14:59:39.849  INFO 5868 --- [http-nio-8080-exec-2] k.c.sboard.controller.ArticleController  : groupEnd :10
2023-01-27 14:59:40.503  INFO 5868 --- [http-nio-8080-exec-5] k.c.sboard.controller.ArticleController  : groupStart :1
2023-01-27 14:59:40.503  INFO 5868 --- [http-nio-8080-exec-5] k.c.sboard.controller.ArticleController  : groupEnd :10
2023-01-27 14:59:41.151  INFO 5868 --- [http-nio-8080-exec-4] k.c.sboard.controller.ArticleController  : groupStart :1
2023-01-27 14:59:41.151  INFO 5868 --- [http-nio-8080-exec-4] k.c.sboard.controller.ArticleController  : groupEnd :10
2023-01-27 14:59:58.104  INFO 5868 --- [File Watcher] rtingClassPathChangeChangedEventListener : Restarting due to 1 class path change (0 additions, 0 deletions, 1 modification)
2023-01-27 14:59:58.131  INFO 5868 --- [Thread-1] o.apache.catalina.core.StandardService   : Stopping service [Tomcat]
2023-01-27 14:59:58.132  INFO 5868 --- [Thread-1] o.a.c.c.C.[.[localhost].[/Sboard]        : Destroying Spring FrameworkServlet 'dispatcherServlet'
2023-01-27 14:59:58.147  WARN 5868 --- [Thread-1] o.a.c.c.C.[.[localhost].[/Sboard]        : Cannot serialize session attribute [SPRING_SECURITY_CONTEXT] for session [38FDB2CDE6935A967AB040451E7B8A2A]

java.io.NotSerializableException: kr.co.sboard.entity.UserEntity
	at java.base/java.io.ObjectOutputStream.writeObject0(ObjectOutputStream.java:1187) ~[na:na]
	at java.base/java.io.ObjectOutputStream.defaultWriteFields(ObjectOutputStream.java:1572) ~[na:na]
	at java.base/java.io.ObjectOutputStream.writeSerialData(ObjectOutputStream.java:1529) ~[na:na]
	at java.base/java.io.ObjectOutputStream.writeOrdinaryObject(ObjectOutputStream.java:1438) ~[na:na]
	at java.base/java.io.ObjectOutputStream.writeObject0(ObjectOutputStream.java:1181) ~[na:na]
	at java.base/java.io.ObjectOutputStream.defaultWriteFields(ObjectOutputStream.java:1572) ~[na:na]
	at java.base/java.io.ObjectOutputStream.writeSerialData(ObjectOutputStream.java:1529) ~[na:na]
	at java.base/java.io.ObjectOutputStream.writeOrdinaryObject(ObjectOutputStream.java:1438) ~[na:na]
	at java.base/java.io.ObjectOutputStream.writeObject0(ObjectOutputStream.java:1181) ~[na:na]
	at java.base/java.io.ObjectOutputStream.defaultWriteFields(ObjectOutputStream.java:1572) ~[na:na]
	at java.base/java.io.ObjectOutputStream.writeSerialData(ObjectOutputStream.java:1529) ~[na:na]
	at java.base/java.io.ObjectOutputStream.writeOrdinaryObject(ObjectOutputStream.java:1438) ~[na:na]
	at java.base/java.io.ObjectOutputStream.writeObject0(ObjectOutputStream.java:1181) ~[na:na]
	at java.base/java.io.ObjectOutputStream.writeObject(ObjectOutputStream.java:350) ~[na:na]
	at org.apache.catalina.session.StandardSession.doWriteObject(StandardSession.java:1761) ~[tomcat-embed-core-9.0.70.jar:9.0.70]
	at org.apache.catalina.session.StandardSession.writeObjectData(StandardSession.java:1067) ~[tomcat-embed-core-9.0.70.jar:9.0.70]
	at org.apache.catalina.session.StandardManager.doUnload(StandardManager.java:317) ~[tomcat-embed-core-9.0.70.jar:9.0.70]
	at org.apache.catalina.session.StandardManager.unload(StandardManager.java:268) ~[tomcat-embed-core-9.0.70.jar:9.0.70]
	at org.apache.catalina.session.StandardManager.stopInternal(StandardManager.java:384) ~[tomcat-embed-core-9.0.70.jar:9.0.70]
	at org.apache.catalina.util.LifecycleBase.stop(LifecycleBase.java:257) ~[tomcat-embed-core-9.0.70.jar:9.0.70]
	at org.apache.catalina.core.StandardContext.stopInternal(StandardContext.java:5459) ~[tomcat-embed-core-9.0.70.jar:9.0.70]
	at org.apache.catalina.util.LifecycleBase.stop(LifecycleBase.java:257) ~[tomcat-embed-core-9.0.70.jar:9.0.70]
	at org.apache.catalina.core.ContainerBase$StopChild.call(ContainerBase.java:1409) ~[tomcat-embed-core-9.0.70.jar:9.0.70]
	at org.apache.catalina.core.ContainerBase$StopChild.call(ContainerBase.java:1398) ~[tomcat-embed-core-9.0.70.jar:9.0.70]
	at java.base/java.util.concurrent.FutureTask.run(FutureTask.java:264) ~[na:na]
	at org.apache.tomcat.util.threads.InlineExecutorService.execute(InlineExecutorService.java:75) ~[tomcat-embed-core-9.0.70.jar:9.0.70]
	at java.base/java.util.concurrent.AbstractExecutorService.submit(AbstractExecutorService.java:145) ~[na:na]
	at org.apache.catalina.core.ContainerBase.stopInternal(ContainerBase.java:983) ~[tomcat-embed-core-9.0.70.jar:9.0.70]
	at org.apache.catalina.util.LifecycleBase.stop(LifecycleBase.java:257) ~[tomcat-embed-core-9.0.70.jar:9.0.70]
	at org.apache.catalina.core.ContainerBase$StopChild.call(ContainerBase.java:1409) ~[tomcat-embed-core-9.0.70.jar:9.0.70]
	at org.apache.catalina.core.ContainerBase$StopChild.call(ContainerBase.java:1398) ~[tomcat-embed-core-9.0.70.jar:9.0.70]
	at java.base/java.util.concurrent.FutureTask.run(FutureTask.java:264) ~[na:na]
	at org.apache.tomcat.util.threads.InlineExecutorService.execute(InlineExecutorService.java:75) ~[tomcat-embed-core-9.0.70.jar:9.0.70]
	at java.base/java.util.concurrent.AbstractExecutorService.submit(AbstractExecutorService.java:145) ~[na:na]
	at org.apache.catalina.core.ContainerBase.stopInternal(ContainerBase.java:983) ~[tomcat-embed-core-9.0.70.jar:9.0.70]
	at org.apache.catalina.util.LifecycleBase.stop(LifecycleBase.java:257) ~[tomcat-embed-core-9.0.70.jar:9.0.70]
	at org.apache.catalina.core.StandardService.stopInternal(StandardService.java:495) ~[tomcat-embed-core-9.0.70.jar:9.0.70]
	at org.apache.catalina.util.LifecycleBase.stop(LifecycleBase.java:257) ~[tomcat-embed-core-9.0.70.jar:9.0.70]
	at org.apache.catalina.core.StandardServer.stopInternal(StandardServer.java:982) ~[tomcat-embed-core-9.0.70.jar:9.0.70]
	at org.apache.catalina.util.LifecycleBase.stop(LifecycleBase.java:257) ~[tomcat-embed-core-9.0.70.jar:9.0.70]
	at org.apache.catalina.startup.Tomcat.stop(Tomcat.java:496) ~[tomcat-embed-core-9.0.70.jar:9.0.70]
	at org.springframework.boot.web.embedded.tomcat.TomcatWebServer.stopTomcat(TomcatWebServer.java:273) ~[spring-boot-2.7.7.jar:2.7.7]
	at org.springframework.boot.web.embedded.tomcat.TomcatWebServer.stop(TomcatWebServer.java:331) ~[spring-boot-2.7.7.jar:2.7.7]
	at org.springframework.boot.web.servlet.context.WebServerStartStopLifecycle.stop(WebServerStartStopLifecycle.java:52) ~[spring-boot-2.7.7.jar:2.7.7]
	at org.springframework.context.SmartLifecycle.stop(SmartLifecycle.java:117) ~[spring-context-5.3.24.jar:5.3.24]
	at org.springframework.context.support.DefaultLifecycleProcessor.doStop(DefaultLifecycleProcessor.java:234) ~[spring-context-5.3.24.jar:5.3.24]
	at org.springframework.context.support.DefaultLifecycleProcessor.access$300(DefaultLifecycleProcessor.java:54) ~[spring-context-5.3.24.jar:5.3.24]
	at org.springframework.context.support.DefaultLifecycleProcessor$LifecycleGroup.stop(DefaultLifecycleProcessor.java:373) ~[spring-context-5.3.24.jar:5.3.24]
	at org.springframework.context.support.DefaultLifecycleProcessor.stopBeans(DefaultLifecycleProcessor.java:206) ~[spring-context-5.3.24.jar:5.3.24]
	at org.springframework.context.support.DefaultLifecycleProcessor.onClose(DefaultLifecycleProcessor.java:129) ~[spring-context-5.3.24.jar:5.3.24]
	at org.springframework.context.support.AbstractApplicationContext.doClose(AbstractApplicationContext.java:1067) ~[spring-context-5.3.24.jar:5.3.24]
	at org.springframework.boot.web.servlet.context.ServletWebServerApplicationContext.doClose(ServletWebServerApplicationContext.java:174) ~[spring-boot-2.7.7.jar:2.7.7]
	at org.springframework.context.support.AbstractApplicationContext.close(AbstractApplicationContext.java:1021) ~[spring-context-5.3.24.jar:5.3.24]
	at org.springframework.boot.devtools.restart.Restarter.stop(Restarter.java:309) ~[spring-boot-devtools-2.7.7.jar:2.7.7]
	at org.springframework.boot.devtools.restart.Restarter.lambda$restart$1(Restarter.java:251) ~[spring-boot-devtools-2.7.7.jar:2.7.7]
	at org.springframework.boot.devtools.restart.Restarter$LeakSafeThread.run(Restarter.java:629) ~[spring-boot-devtools-2.7.7.jar:2.7.7]

2023-01-27 14:59:58.153  INFO 5868 --- [Thread-1] j.LocalContainerEntityManagerFactoryBean : Closing JPA EntityManagerFactory for persistence unit 'default'
2023-01-27 14:59:58.156  INFO 5868 --- [Thread-1] com.zaxxer.hikari.HikariDataSource       : HikariPool-1 - Shutdown initiated...
2023-01-27 14:59:58.170  INFO 5868 --- [Thread-1] com.zaxxer.hikari.HikariDataSource       : HikariPool-1 - Shutdown completed.
2023-01-27 14:59:58.245  INFO 5868 --- [restartedMain] kr.co.sboard.SboardApplication           : Starting SboardApplication using Java 17.0.5 on DESKTOP-QOTDKI5 with PID 5868 (C:\Users\java2\Desktop\Workspace\SpringBoot\Sboard\target\classes started by java2 in C:\Users\java2\Desktop\Workspace\SpringBoot\Sboard)
2023-01-27 14:59:58.245  INFO 5868 --- [restartedMain] kr.co.sboard.SboardApplication           : No active profile set, falling back to 1 default profile: "default"
2023-01-27 14:59:58.414  INFO 5868 --- [restartedMain] .s.d.r.c.RepositoryConfigurationDelegate : Bootstrapping Spring Data JPA repositories in DEFAULT mode.
2023-01-27 14:59:58.428  INFO 5868 --- [restartedMain] .s.d.r.c.RepositoryConfigurationDelegate : Finished Spring Data repository scanning in 13 ms. Found 2 JPA repository interfaces.
2023-01-27 14:59:58.519  INFO 5868 --- [restartedMain] o.s.b.w.embedded.tomcat.TomcatWebServer  : Tomcat initialized with port(s): 8080 (http)
2023-01-27 14:59:58.520  INFO 5868 --- [restartedMain] o.apache.catalina.core.StandardService   : Starting service [Tomcat]
2023-01-27 14:59:58.520  INFO 5868 --- [restartedMain] org.apache.catalina.core.StandardEngine  : Starting Servlet engine: [Apache Tomcat/9.0.70]
2023-01-27 14:59:58.539  INFO 5868 --- [restartedMain] o.a.c.c.C.[.[localhost].[/Sboard]        : Initializing Spring embedded WebApplicationContext
2023-01-27 14:59:58.540  INFO 5868 --- [restartedMain] w.s.c.ServletWebServerApplicationContext : Root WebApplicationContext: initialization completed in 292 ms
2023-01-27 14:59:58.554  WARN 5868 --- [restartedMain] o.a.c.c.C.[.[localhost].[/Sboard]        : Cannot deserialize session attribute [SPRING_SECURITY_CONTEXT] for session [38FDB2CDE6935A967AB040451E7B8A2A]
2023-01-27 14:59:58.581  INFO 5868 --- [restartedMain] o.hibernate.jpa.internal.util.LogHelper  : HHH000204: Processing PersistenceUnitInfo [name: default]
2023-01-27 14:59:58.585  INFO 5868 --- [restartedMain] com.zaxxer.hikari.HikariDataSource       : HikariPool-2 - Starting...
2023-01-27 14:59:58.598  INFO 5868 --- [restartedMain] com.zaxxer.hikari.HikariDataSource       : HikariPool-2 - Start completed.
2023-01-27 14:59:58.598  INFO 5868 --- [restartedMain] org.hibernate.dialect.Dialect            : HHH000400: Using dialect: org.hibernate.dialect.MySQL57Dialect
2023-01-27 14:59:58.636  INFO 5868 --- [restartedMain] o.h.e.t.j.p.i.JtaPlatformInitiator       : HHH000490: Using JtaPlatform implementation: [org.hibernate.engine.transaction.jta.platform.internal.NoJtaPlatform]
2023-01-27 14:59:58.636  INFO 5868 --- [restartedMain] j.LocalContainerEntityManagerFactoryBean : Initialized JPA EntityManagerFactory for persistence unit 'default'
2023-01-27 14:59:58.797  INFO 5868 --- [restartedMain] o.s.s.web.DefaultSecurityFilterChain     : Will secure any request with [org.springframework.security.web.session.DisableEncodeUrlFilter@1583cb3d, org.springframework.security.web.context.request.async.WebAsyncManagerIntegrationFilter@21dfb9ac, org.springframework.security.web.context.SecurityContextPersistenceFilter@2098836d, org.springframework.security.web.header.HeaderWriterFilter@e75ca0a, org.springframework.security.web.authentication.logout.LogoutFilter@48f873c1, org.springframework.security.web.authentication.UsernamePasswordAuthenticationFilter@83fc3a7, org.springframework.security.web.savedrequest.RequestCacheAwareFilter@12cc09e, org.springframework.security.web.servletapi.SecurityContextHolderAwareRequestFilter@21297f2b, org.springframework.security.web.authentication.rememberme.RememberMeAuthenticationFilter@2d43be43, org.springframework.security.web.authentication.AnonymousAuthenticationFilter@570b64cb, org.springframework.security.web.session.SessionManagementFilter@362b871c, org.springframework.security.web.access.ExceptionTranslationFilter@238052a2, org.springframework.security.web.access.intercept.AuthorizationFilter@5aedc0a9]
2023-01-27 14:59:58.812  WARN 5868 --- [restartedMain] JpaBaseConfiguration$JpaWebConfiguration : spring.jpa.open-in-view is enabled by default. Therefore, database queries may be performed during view rendering. Explicitly configure spring.jpa.open-in-view to disable this warning
2023-01-27 14:59:58.901  WARN 5868 --- [restartedMain] o.s.b.d.a.OptionalLiveReloadServer       : Unable to start LiveReload server
2023-01-27 14:59:58.911  INFO 5868 --- [restartedMain] o.s.b.w.embedded.tomcat.TomcatWebServer  : Tomcat started on port(s): 8080 (http) with context path '/Sboard'
2023-01-27 14:59:58.916  INFO 5868 --- [restartedMain] kr.co.sboard.SboardApplication           : Started SboardApplication in 0.701 seconds (JVM running for 261.604)
2023-01-27 14:59:58.918  INFO 5868 --- [restartedMain] .ConditionEvaluationDeltaLoggingListener : Condition evaluation unchanged
2023-01-27 15:00:03.832  INFO 5868 --- [http-nio-8080-exec-1] o.a.c.c.C.[.[localhost].[/Sboard]        : Initializing Spring DispatcherServlet 'dispatcherServlet'
2023-01-27 15:00:03.832  INFO 5868 --- [http-nio-8080-exec-1] o.s.web.servlet.DispatcherServlet        : Initializing Servlet 'dispatcherServlet'
2023-01-27 15:00:03.833  INFO 5868 --- [http-nio-8080-exec-1] o.s.web.servlet.DispatcherServlet        : Completed initialization in 1 ms
2023-01-27 17:00:14.834  INFO 5868 --- [File Watcher] rtingClassPathChangeChangedEventListener : Restarting due to 1 class path change (0 additions, 0 deletions, 1 modification)
2023-01-27 17:00:14.843  INFO 5868 --- [Thread-5] o.apache.catalina.core.StandardService   : Stopping service [Tomcat]
2023-01-27 17:00:14.844  INFO 5868 --- [Thread-5] o.a.c.c.C.[.[localhost].[/Sboard]        : Destroying Spring FrameworkServlet 'dispatcherServlet'
2023-01-27 17:00:14.849  INFO 5868 --- [Thread-5] j.LocalContainerEntityManagerFactoryBean : Closing JPA EntityManagerFactory for persistence unit 'default'
2023-01-27 17:00:14.850  INFO 5868 --- [Thread-5] com.zaxxer.hikari.HikariDataSource       : HikariPool-2 - Shutdown initiated...
2023-01-27 17:00:14.854  INFO 5868 --- [Thread-5] com.zaxxer.hikari.HikariDataSource       : HikariPool-2 - Shutdown completed.
2023-01-27 17:00:14.938  INFO 5868 --- [restartedMain] kr.co.sboard.SboardApplication           : Starting SboardApplication using Java 17.0.5 on DESKTOP-QOTDKI5 with PID 5868 (C:\Users\java2\Desktop\Workspace\SpringBoot\Sboard\target\classes started by java2 in C:\Users\java2\Desktop\Workspace\SpringBoot\Sboard)
2023-01-27 17:00:14.938  INFO 5868 --- [restartedMain] kr.co.sboard.SboardApplication           : No active profile set, falling back to 1 default profile: "default"
2023-01-27 17:00:15.082  INFO 5868 --- [restartedMain] .s.d.r.c.RepositoryConfigurationDelegate : Bootstrapping Spring Data JPA repositories in DEFAULT mode.
2023-01-27 17:00:15.093  INFO 5868 --- [restartedMain] .s.d.r.c.RepositoryConfigurationDelegate : Finished Spring Data repository scanning in 10 ms. Found 2 JPA repository interfaces.
2023-01-27 17:00:15.180  INFO 5868 --- [restartedMain] o.s.b.w.embedded.tomcat.TomcatWebServer  : Tomcat initialized with port(s): 8080 (http)
2023-01-27 17:00:15.180  INFO 5868 --- [restartedMain] o.apache.catalina.core.StandardService   : Starting service [Tomcat]
2023-01-27 17:00:15.180  INFO 5868 --- [restartedMain] org.apache.catalina.core.StandardEngine  : Starting Servlet engine: [Apache Tomcat/9.0.70]
2023-01-27 17:00:15.204  INFO 5868 --- [restartedMain] o.a.c.c.C.[.[localhost].[/Sboard]        : Initializing Spring embedded WebApplicationContext
2023-01-27 17:00:15.204  INFO 5868 --- [restartedMain] w.s.c.ServletWebServerApplicationContext : Root WebApplicationContext: initialization completed in 264 ms
2023-01-27 17:00:15.237  INFO 5868 --- [restartedMain] o.hibernate.jpa.internal.util.LogHelper  : HHH000204: Processing PersistenceUnitInfo [name: default]
2023-01-27 17:00:15.248  INFO 5868 --- [restartedMain] com.zaxxer.hikari.HikariDataSource       : HikariPool-3 - Starting...
2023-01-27 17:00:15.260  INFO 5868 --- [restartedMain] com.zaxxer.hikari.HikariDataSource       : HikariPool-3 - Start completed.
2023-01-27 17:00:15.260  INFO 5868 --- [restartedMain] org.hibernate.dialect.Dialect            : HHH000400: Using dialect: org.hibernate.dialect.MySQL57Dialect
2023-01-27 17:00:15.297  INFO 5868 --- [restartedMain] o.h.e.t.j.p.i.JtaPlatformInitiator       : HHH000490: Using JtaPlatform implementation: [org.hibernate.engine.transaction.jta.platform.internal.NoJtaPlatform]
2023-01-27 17:00:15.297  INFO 5868 --- [restartedMain] j.LocalContainerEntityManagerFactoryBean : Initialized JPA EntityManagerFactory for persistence unit 'default'
2023-01-27 17:00:15.434  INFO 5868 --- [restartedMain] o.s.s.web.DefaultSecurityFilterChain     : Will secure any request with [org.springframework.security.web.session.DisableEncodeUrlFilter@58a35cb0, org.springframework.security.web.context.request.async.WebAsyncManagerIntegrationFilter@a0607d4, org.springframework.security.web.context.SecurityContextPersistenceFilter@70b36bd8, org.springframework.security.web.header.HeaderWriterFilter@5f0c25d0, org.springframework.security.web.authentication.logout.LogoutFilter@35070e45, org.springframework.security.web.authentication.UsernamePasswordAuthenticationFilter@6aaf7305, org.springframework.security.web.savedrequest.RequestCacheAwareFilter@7c98a336, org.springframework.security.web.servletapi.SecurityContextHolderAwareRequestFilter@42843bd0, org.springframework.security.web.authentication.rememberme.RememberMeAuthenticationFilter@6f68c1a3, org.springframework.security.web.authentication.AnonymousAuthenticationFilter@1ba07aca, org.springframework.security.web.session.SessionManagementFilter@61b8940f, org.springframework.security.web.access.ExceptionTranslationFilter@71efb909, org.springframework.security.web.access.intercept.AuthorizationFilter@3e8d9f57]
2023-01-27 17:00:15.447  WARN 5868 --- [restartedMain] JpaBaseConfiguration$JpaWebConfiguration : spring.jpa.open-in-view is enabled by default. Therefore, database queries may be performed during view rendering. Explicitly configure spring.jpa.open-in-view to disable this warning
2023-01-27 17:00:15.559  WARN 5868 --- [restartedMain] o.s.b.d.a.OptionalLiveReloadServer       : Unable to start LiveReload server
2023-01-27 17:00:15.575  INFO 5868 --- [restartedMain] o.s.b.w.embedded.tomcat.TomcatWebServer  : Tomcat started on port(s): 8080 (http) with context path '/Sboard'
2023-01-27 17:00:15.579  INFO 5868 --- [restartedMain] kr.co.sboard.SboardApplication           : Started SboardApplication in 0.668 seconds (JVM running for 7478.267)
2023-01-27 17:00:15.580  INFO 5868 --- [restartedMain] .ConditionEvaluationDeltaLoggingListener : Condition evaluation unchanged
2023-01-27 17:00:21.139  INFO 5868 --- [File Watcher] rtingClassPathChangeChangedEventListener : Restarting due to 1 class path change (0 additions, 0 deletions, 1 modification)
2023-01-27 17:00:21.145  INFO 5868 --- [Thread-9] o.apache.catalina.core.StandardService   : Stopping service [Tomcat]
2023-01-27 17:00:21.148  INFO 5868 --- [Thread-9] j.LocalContainerEntityManagerFactoryBean : Closing JPA EntityManagerFactory for persistence unit 'default'
2023-01-27 17:00:21.149  INFO 5868 --- [Thread-9] com.zaxxer.hikari.HikariDataSource       : HikariPool-3 - Shutdown initiated...
2023-01-27 17:00:21.152  INFO 5868 --- [Thread-9] com.zaxxer.hikari.HikariDataSource       : HikariPool-3 - Shutdown completed.
2023-01-27 17:00:21.215  INFO 5868 --- [restartedMain] kr.co.sboard.SboardApplication           : Starting SboardApplication using Java 17.0.5 on DESKTOP-QOTDKI5 with PID 5868 (C:\Users\java2\Desktop\Workspace\SpringBoot\Sboard\target\classes started by java2 in C:\Users\java2\Desktop\Workspace\SpringBoot\Sboard)
2023-01-27 17:00:21.215  INFO 5868 --- [restartedMain] kr.co.sboard.SboardApplication           : No active profile set, falling back to 1 default profile: "default"
2023-01-27 17:00:21.345  INFO 5868 --- [restartedMain] .s.d.r.c.RepositoryConfigurationDelegate : Bootstrapping Spring Data JPA repositories in DEFAULT mode.
2023-01-27 17:00:21.356  INFO 5868 --- [restartedMain] .s.d.r.c.RepositoryConfigurationDelegate : Finished Spring Data repository scanning in 10 ms. Found 2 JPA repository interfaces.
2023-01-27 17:00:21.440  INFO 5868 --- [restartedMain] o.s.b.w.embedded.tomcat.TomcatWebServer  : Tomcat initialized with port(s): 8080 (http)
2023-01-27 17:00:21.441  INFO 5868 --- [restartedMain] o.apache.catalina.core.StandardService   : Starting service [Tomcat]
2023-01-27 17:00:21.441  INFO 5868 --- [restartedMain] org.apache.catalina.core.StandardEngine  : Starting Servlet engine: [Apache Tomcat/9.0.70]
2023-01-27 17:00:21.472  INFO 5868 --- [restartedMain] o.a.c.c.C.[.[localhost].[/Sboard]        : Initializing Spring embedded WebApplicationContext
2023-01-27 17:00:21.472  INFO 5868 --- [restartedMain] w.s.c.ServletWebServerApplicationContext : Root WebApplicationContext: initialization completed in 255 ms
2023-01-27 17:00:21.506  INFO 5868 --- [restartedMain] o.hibernate.jpa.internal.util.LogHelper  : HHH000204: Processing PersistenceUnitInfo [name: default]
2023-01-27 17:00:21.511  INFO 5868 --- [restartedMain] com.zaxxer.hikari.HikariDataSource       : HikariPool-4 - Starting...
2023-01-27 17:00:21.518  INFO 5868 --- [restartedMain] com.zaxxer.hikari.HikariDataSource       : HikariPool-4 - Start completed.
2023-01-27 17:00:21.519  INFO 5868 --- [restartedMain] org.hibernate.dialect.Dialect            : HHH000400: Using dialect: org.hibernate.dialect.MySQL57Dialect
2023-01-27 17:00:21.559  INFO 5868 --- [restartedMain] o.h.e.t.j.p.i.JtaPlatformInitiator       : HHH000490: Using JtaPlatform implementation: [org.hibernate.engine.transaction.jta.platform.internal.NoJtaPlatform]
2023-01-27 17:00:21.559  INFO 5868 --- [restartedMain] j.LocalContainerEntityManagerFactoryBean : Initialized JPA EntityManagerFactory for persistence unit 'default'
2023-01-27 17:00:21.683  INFO 5868 --- [restartedMain] o.s.s.web.DefaultSecurityFilterChain     : Will secure any request with [org.springframework.security.web.session.DisableEncodeUrlFilter@5db811a2, org.springframework.security.web.context.request.async.WebAsyncManagerIntegrationFilter@6db3c4a8, org.springframework.security.web.context.SecurityContextPersistenceFilter@34f16c6e, org.springframework.security.web.header.HeaderWriterFilter@368b1c0b, org.springframework.security.web.authentication.logout.LogoutFilter@7ee601e5, org.springframework.security.web.authentication.UsernamePasswordAuthenticationFilter@24fa3323, org.springframework.security.web.savedrequest.RequestCacheAwareFilter@4fdb6647, org.springframework.security.web.servletapi.SecurityContextHolderAwareRequestFilter@21de50f3, org.springframework.security.web.authentication.rememberme.RememberMeAuthenticationFilter@6adde770, org.springframework.security.web.authentication.AnonymousAuthenticationFilter@18a58116, org.springframework.security.web.session.SessionManagementFilter@5d47b650, org.springframework.security.web.access.ExceptionTranslationFilter@2fba8d6a, org.springframework.security.web.access.intercept.AuthorizationFilter@39112558]
2023-01-27 17:00:21.691  WARN 5868 --- [restartedMain] JpaBaseConfiguration$JpaWebConfiguration : spring.jpa.open-in-view is enabled by default. Therefore, database queries may be performed during view rendering. Explicitly configure spring.jpa.open-in-view to disable this warning
2023-01-27 17:00:21.762  WARN 5868 --- [restartedMain] o.s.b.d.a.OptionalLiveReloadServer       : Unable to start LiveReload server
2023-01-27 17:00:21.770  INFO 5868 --- [restartedMain] o.s.b.w.embedded.tomcat.TomcatWebServer  : Tomcat started on port(s): 8080 (http) with context path '/Sboard'
2023-01-27 17:00:21.774  INFO 5868 --- [restartedMain] kr.co.sboard.SboardApplication           : Started SboardApplication in 0.586 seconds (JVM running for 7484.462)
2023-01-27 17:00:21.775  INFO 5868 --- [restartedMain] .ConditionEvaluationDeltaLoggingListener : Condition evaluation unchanged
2023-01-27 17:00:48.889  INFO 5868 --- [File Watcher] rtingClassPathChangeChangedEventListener : Restarting due to 2 class path changes (0 additions, 0 deletions, 2 modifications)
2023-01-27 17:00:48.896  INFO 5868 --- [Thread-13] o.apache.catalina.core.StandardService   : Stopping service [Tomcat]
2023-01-27 17:00:48.899  INFO 5868 --- [Thread-13] j.LocalContainerEntityManagerFactoryBean : Closing JPA EntityManagerFactory for persistence unit 'default'
2023-01-27 17:00:48.899  INFO 5868 --- [Thread-13] com.zaxxer.hikari.HikariDataSource       : HikariPool-4 - Shutdown initiated...
2023-01-27 17:00:48.903  INFO 5868 --- [Thread-13] com.zaxxer.hikari.HikariDataSource       : HikariPool-4 - Shutdown completed.
2023-01-27 17:00:48.982  INFO 5868 --- [restartedMain] kr.co.sboard.SboardApplication           : Starting SboardApplication using Java 17.0.5 on DESKTOP-QOTDKI5 with PID 5868 (C:\Users\java2\Desktop\Workspace\SpringBoot\Sboard\target\classes started by java2 in C:\Users\java2\Desktop\Workspace\SpringBoot\Sboard)
2023-01-27 17:00:48.983  INFO 5868 --- [restartedMain] kr.co.sboard.SboardApplication           : No active profile set, falling back to 1 default profile: "default"
2023-01-27 17:00:49.114  INFO 5868 --- [restartedMain] .s.d.r.c.RepositoryConfigurationDelegate : Bootstrapping Spring Data JPA repositories in DEFAULT mode.
2023-01-27 17:00:49.124  INFO 5868 --- [restartedMain] .s.d.r.c.RepositoryConfigurationDelegate : Finished Spring Data repository scanning in 9 ms. Found 2 JPA repository interfaces.
2023-01-27 17:00:49.189  INFO 5868 --- [restartedMain] o.s.b.w.embedded.tomcat.TomcatWebServer  : Tomcat initialized with port(s): 8080 (http)
2023-01-27 17:00:49.189  INFO 5868 --- [restartedMain] o.apache.catalina.core.StandardService   : Starting service [Tomcat]
2023-01-27 17:00:49.189  INFO 5868 --- [restartedMain] org.apache.catalina.core.StandardEngine  : Starting Servlet engine: [Apache Tomcat/9.0.70]
2023-01-27 17:00:49.205  INFO 5868 --- [restartedMain] o.a.c.c.C.[.[localhost].[/Sboard]        : Initializing Spring embedded WebApplicationContext
2023-01-27 17:00:49.205  INFO 5868 --- [restartedMain] w.s.c.ServletWebServerApplicationContext : Root WebApplicationContext: initialization completed in 220 ms
2023-01-27 17:00:49.231  INFO 5868 --- [restartedMain] o.hibernate.jpa.internal.util.LogHelper  : HHH000204: Processing PersistenceUnitInfo [name: default]
2023-01-27 17:00:49.235  INFO 5868 --- [restartedMain] com.zaxxer.hikari.HikariDataSource       : HikariPool-5 - Starting...
2023-01-27 17:00:49.243  INFO 5868 --- [restartedMain] com.zaxxer.hikari.HikariDataSource       : HikariPool-5 - Start completed.
2023-01-27 17:00:49.243  INFO 5868 --- [restartedMain] org.hibernate.dialect.Dialect            : HHH000400: Using dialect: org.hibernate.dialect.MySQL57Dialect
2023-01-27 17:00:49.276  INFO 5868 --- [restartedMain] o.h.e.t.j.p.i.JtaPlatformInitiator       : HHH000490: Using JtaPlatform implementation: [org.hibernate.engine.transaction.jta.platform.internal.NoJtaPlatform]
2023-01-27 17:00:49.276  INFO 5868 --- [restartedMain] j.LocalContainerEntityManagerFactoryBean : Initialized JPA EntityManagerFactory for persistence unit 'default'
2023-01-27 17:00:49.388  INFO 5868 --- [restartedMain] o.s.s.web.DefaultSecurityFilterChain     : Will secure any request with [org.springframework.security.web.session.DisableEncodeUrlFilter@66251ad7, org.springframework.security.web.context.request.async.WebAsyncManagerIntegrationFilter@421cf46, org.springframework.security.web.context.SecurityContextPersistenceFilter@422395d0, org.springframework.security.web.header.HeaderWriterFilter@43befb9f, org.springframework.security.web.authentication.logout.LogoutFilter@2a8edf42, org.springframework.security.web.authentication.UsernamePasswordAuthenticationFilter@3312c6fc, org.springframework.security.web.savedrequest.RequestCacheAwareFilter@4a2994ae, org.springframework.security.web.servletapi.SecurityContextHolderAwareRequestFilter@7efffc77, org.springframework.security.web.authentication.rememberme.RememberMeAuthenticationFilter@6fba7b13, org.springframework.security.web.authentication.AnonymousAuthenticationFilter@21a1cc18, org.springframework.security.web.session.SessionManagementFilter@673db2b6, org.springframework.security.web.access.ExceptionTranslationFilter@741f93a1, org.springframework.security.web.access.intercept.AuthorizationFilter@2d19efea]
2023-01-27 17:00:49.398  WARN 5868 --- [restartedMain] JpaBaseConfiguration$JpaWebConfiguration : spring.jpa.open-in-view is enabled by default. Therefore, database queries may be performed during view rendering. Explicitly configure spring.jpa.open-in-view to disable this warning
2023-01-27 17:00:49.474  WARN 5868 --- [restartedMain] o.s.b.d.a.OptionalLiveReloadServer       : Unable to start LiveReload server
2023-01-27 17:00:49.484  INFO 5868 --- [restartedMain] o.s.b.w.embedded.tomcat.TomcatWebServer  : Tomcat started on port(s): 8080 (http) with context path '/Sboard'
2023-01-27 17:00:49.487  INFO 5868 --- [restartedMain] kr.co.sboard.SboardApplication           : Started SboardApplication in 0.532 seconds (JVM running for 7512.175)
2023-01-27 17:00:49.488  INFO 5868 --- [restartedMain] .ConditionEvaluationDeltaLoggingListener : Condition evaluation unchanged
2023-01-27 17:01:08.529  INFO 5868 --- [File Watcher] rtingClassPathChangeChangedEventListener : Restarting due to 1 class path change (0 additions, 0 deletions, 1 modification)
2023-01-27 17:01:08.536  INFO 5868 --- [Thread-17] o.apache.catalina.core.StandardService   : Stopping service [Tomcat]
2023-01-27 17:01:08.539  INFO 5868 --- [Thread-17] j.LocalContainerEntityManagerFactoryBean : Closing JPA EntityManagerFactory for persistence unit 'default'
2023-01-27 17:01:08.540  INFO 5868 --- [Thread-17] com.zaxxer.hikari.HikariDataSource       : HikariPool-5 - Shutdown initiated...
2023-01-27 17:01:08.546  INFO 5868 --- [Thread-17] com.zaxxer.hikari.HikariDataSource       : HikariPool-5 - Shutdown completed.
2023-01-27 17:01:08.611  INFO 5868 --- [restartedMain] kr.co.sboard.SboardApplication           : Starting SboardApplication using Java 17.0.5 on DESKTOP-QOTDKI5 with PID 5868 (C:\Users\java2\Desktop\Workspace\SpringBoot\Sboard\target\classes started by java2 in C:\Users\java2\Desktop\Workspace\SpringBoot\Sboard)
2023-01-27 17:01:08.611  INFO 5868 --- [restartedMain] kr.co.sboard.SboardApplication           : No active profile set, falling back to 1 default profile: "default"
2023-01-27 17:01:08.744  INFO 5868 --- [restartedMain] .s.d.r.c.RepositoryConfigurationDelegate : Bootstrapping Spring Data JPA repositories in DEFAULT mode.
2023-01-27 17:01:08.755  INFO 5868 --- [restartedMain] .s.d.r.c.RepositoryConfigurationDelegate : Finished Spring Data repository scanning in 10 ms. Found 2 JPA repository interfaces.
2023-01-27 17:01:08.828  INFO 5868 --- [restartedMain] o.s.b.w.embedded.tomcat.TomcatWebServer  : Tomcat initialized with port(s): 8080 (http)
2023-01-27 17:01:08.829  INFO 5868 --- [restartedMain] o.apache.catalina.core.StandardService   : Starting service [Tomcat]
2023-01-27 17:01:08.829  INFO 5868 --- [restartedMain] org.apache.catalina.core.StandardEngine  : Starting Servlet engine: [Apache Tomcat/9.0.70]
2023-01-27 17:01:08.844  INFO 5868 --- [restartedMain] o.a.c.c.C.[.[localhost].[/Sboard]        : Initializing Spring embedded WebApplicationContext
2023-01-27 17:01:08.844  INFO 5868 --- [restartedMain] w.s.c.ServletWebServerApplicationContext : Root WebApplicationContext: initialization completed in 231 ms
2023-01-27 17:01:08.871  INFO 5868 --- [restartedMain] o.hibernate.jpa.internal.util.LogHelper  : HHH000204: Processing PersistenceUnitInfo [name: default]
2023-01-27 17:01:08.874  INFO 5868 --- [restartedMain] com.zaxxer.hikari.HikariDataSource       : HikariPool-6 - Starting...
2023-01-27 17:01:08.881  INFO 5868 --- [restartedMain] com.zaxxer.hikari.HikariDataSource       : HikariPool-6 - Start completed.
2023-01-27 17:01:08.882  INFO 5868 --- [restartedMain] org.hibernate.dialect.Dialect            : HHH000400: Using dialect: org.hibernate.dialect.MySQL57Dialect
2023-01-27 17:01:08.916  INFO 5868 --- [restartedMain] o.h.e.t.j.p.i.JtaPlatformInitiator       : HHH000490: Using JtaPlatform implementation: [org.hibernate.engine.transaction.jta.platform.internal.NoJtaPlatform]
2023-01-27 17:01:08.916  INFO 5868 --- [restartedMain] j.LocalContainerEntityManagerFactoryBean : Initialized JPA EntityManagerFactory for persistence unit 'default'
2023-01-27 17:01:09.022  INFO 5868 --- [restartedMain] o.s.s.web.DefaultSecurityFilterChain     : Will secure any request with [org.springframework.security.web.session.DisableEncodeUrlFilter@4821b371, org.springframework.security.web.context.request.async.WebAsyncManagerIntegrationFilter@74a9d283, org.springframework.security.web.context.SecurityContextPersistenceFilter@1b41e967, org.springframework.security.web.header.HeaderWriterFilter@7e1e6c16, org.springframework.security.web.authentication.logout.LogoutFilter@4c9133, org.springframework.security.web.authentication.UsernamePasswordAuthenticationFilter@1641bc0f, org.springframework.security.web.savedrequest.RequestCacheAwareFilter@6cf6c791, org.springframework.security.web.servletapi.SecurityContextHolderAwareRequestFilter@618568c5, org.springframework.security.web.authentication.rememberme.RememberMeAuthenticationFilter@72e072fd, org.springframework.security.web.authentication.AnonymousAuthenticationFilter@6f13b9dd, org.springframework.security.web.session.SessionManagementFilter@7cd12e74, org.springframework.security.web.access.ExceptionTranslationFilter@2c6b7573, org.springframework.security.web.access.intercept.AuthorizationFilter@10d58c2a]
2023-01-27 17:01:09.042  WARN 5868 --- [restartedMain] JpaBaseConfiguration$JpaWebConfiguration : spring.jpa.open-in-view is enabled by default. Therefore, database queries may be performed during view rendering. Explicitly configure spring.jpa.open-in-view to disable this warning
2023-01-27 17:01:09.118  WARN 5868 --- [restartedMain] o.s.b.d.a.OptionalLiveReloadServer       : Unable to start LiveReload server
2023-01-27 17:01:09.127  INFO 5868 --- [restartedMain] o.s.b.w.embedded.tomcat.TomcatWebServer  : Tomcat started on port(s): 8080 (http) with context path '/Sboard'
2023-01-27 17:01:09.130  INFO 5868 --- [restartedMain] kr.co.sboard.SboardApplication           : Started SboardApplication in 0.544 seconds (JVM running for 7531.818)
2023-01-27 17:01:09.131  INFO 5868 --- [restartedMain] .ConditionEvaluationDeltaLoggingListener : Condition evaluation unchanged
