2023-01-17 17:10:41.197  INFO 13172 --- [main] kr.co.ch10.dao.User1DAOTest              : Starting User1DAOTest using Java 17.0.5 on DESKTOP-QOTDKI5 with PID 13172 (started by java2 in C:\Users\java2\Desktop\Workspace\SpringBoot\Ch10)
2023-01-17 17:10:41.200  INFO 13172 --- [main] kr.co.ch10.dao.User1DAOTest              : No active profile set, falling back to 1 default profile: "default"
2023-01-17 17:10:41.893  INFO 13172 --- [main] .s.d.r.c.RepositoryConfigurationDelegate : Bootstrapping Spring Data JPA repositories in DEFAULT mode.
2023-01-17 17:10:41.947  INFO 13172 --- [main] .s.d.r.c.RepositoryConfigurationDelegate : Finished Spring Data repository scanning in 16 ms. Found 0 JPA repository interfaces.
2023-01-17 17:10:42.726  INFO 13172 --- [main] o.hibernate.jpa.internal.util.LogHelper  : HHH000204: Processing PersistenceUnitInfo [name: default]
2023-01-17 17:10:42.793  INFO 13172 --- [main] org.hibernate.Version                    : HHH000412: Hibernate ORM core version 5.6.14.Final
2023-01-17 17:10:42.998  INFO 13172 --- [main] o.hibernate.annotations.common.Version   : HCANN000001: Hibernate Commons Annotations {5.1.2.Final}
2023-01-17 17:10:43.176  INFO 13172 --- [main] com.zaxxer.hikari.HikariDataSource       : HikariPool-1 - Starting...
2023-01-17 17:10:43.563  INFO 13172 --- [main] com.zaxxer.hikari.HikariDataSource       : HikariPool-1 - Start completed.
2023-01-17 17:10:43.580  INFO 13172 --- [main] org.hibernate.dialect.Dialect            : HHH000400: Using dialect: org.hibernate.dialect.MySQL57Dialect
2023-01-17 17:10:44.310  INFO 13172 --- [main] o.h.e.t.j.p.i.JtaPlatformInitiator       : HHH000490: Using JtaPlatform implementation: [org.hibernate.engine.transaction.jta.platform.internal.NoJtaPlatform]
2023-01-17 17:10:44.319  INFO 13172 --- [main] j.LocalContainerEntityManagerFactoryBean : Initialized JPA EntityManagerFactory for persistence unit 'default'
2023-01-17 17:10:44.426  WARN 13172 --- [main] .s.s.UserDetailsServiceAutoConfiguration : 

Using generated security password: f648f9ec-eb47-4925-b0cd-155712af8cf1

This generated password is for development use only. Your security configuration must be updated before running your application in production.

2023-01-17 17:10:44.640  INFO 13172 --- [main] o.s.s.web.DefaultSecurityFilterChain     : Will secure any request with [org.springframework.security.web.session.DisableEncodeUrlFilter@20960b51, org.springframework.security.web.context.request.async.WebAsyncManagerIntegrationFilter@2078bf0a, org.springframework.security.web.context.SecurityContextPersistenceFilter@27b7204, org.springframework.security.web.header.HeaderWriterFilter@5cb6abc8, org.springframework.security.web.authentication.logout.LogoutFilter@239d9cb7, org.springframework.security.web.authentication.UsernamePasswordAuthenticationFilter@6f0ae0ee, org.springframework.security.web.savedrequest.RequestCacheAwareFilter@2051a0ec, org.springframework.security.web.servletapi.SecurityContextHolderAwareRequestFilter@3731e8b6, org.springframework.security.web.authentication.AnonymousAuthenticationFilter@1a947424, org.springframework.security.web.session.SessionManagementFilter@6705b763, org.springframework.security.web.access.ExceptionTranslationFilter@7ca29311, org.springframework.security.web.access.intercept.AuthorizationFilter@687fd6e]
2023-01-17 17:10:44.888  WARN 13172 --- [main] JpaBaseConfiguration$JpaWebConfiguration : spring.jpa.open-in-view is enabled by default. Therefore, database queries may be performed during view rendering. Explicitly configure spring.jpa.open-in-view to disable this warning
2023-01-17 17:10:45.207  INFO 13172 --- [main] o.s.b.a.w.s.WelcomePageHandlerMapping    : Adding welcome page template: index
2023-01-17 17:10:45.882  INFO 13172 --- [main] kr.co.ch10.dao.User1DAOTest              : Started User1DAOTest in 5.056 seconds (JVM running for 6.228)
2023-01-17 17:10:46.140  INFO 13172 --- [main] kr.co.ch10.dao.User1DAOTest              : User1VO(uid=a102, pass=03ac674216f3e15c761ee1a5e255f067953623c8b388b4459e13f978d7c846f4, name=김춘추, hp=010-1234-1002, age=23)
2023-01-17 17:10:46.166  INFO 13172 --- [SpringApplicationShutdownHook] j.LocalContainerEntityManagerFactoryBean : Closing JPA EntityManagerFactory for persistence unit 'default'
2023-01-17 17:10:46.169  INFO 13172 --- [SpringApplicationShutdownHook] com.zaxxer.hikari.HikariDataSource       : HikariPool-1 - Shutdown initiated...
2023-01-17 17:10:46.183  INFO 13172 --- [SpringApplicationShutdownHook] com.zaxxer.hikari.HikariDataSource       : HikariPool-1 - Shutdown completed.
2023-01-17 17:14:50.521  INFO 12720 --- [main] k.co.ch10.controller.MainControllerTest  : Starting MainControllerTest using Java 17.0.5 on DESKTOP-QOTDKI5 with PID 12720 (started by java2 in C:\Users\java2\Desktop\Workspace\SpringBoot\Ch10)
2023-01-17 17:14:50.522  INFO 12720 --- [main] k.co.ch10.controller.MainControllerTest  : No active profile set, falling back to 1 default profile: "default"
2023-01-17 17:14:51.607  INFO 12720 --- [main] o.s.b.a.w.s.WelcomePageHandlerMapping    : Adding welcome page template: index
2023-01-17 17:14:51.902  INFO 12720 --- [main] o.s.b.t.m.w.SpringBootMockServletContext : Initializing Spring TestDispatcherServlet ''
2023-01-17 17:14:51.903  INFO 12720 --- [main] o.s.t.web.servlet.TestDispatcherServlet  : Initializing Servlet ''
2023-01-17 17:14:51.904  INFO 12720 --- [main] o.s.t.web.servlet.TestDispatcherServlet  : Completed initialization in 1 ms
2023-01-17 17:14:51.940  INFO 12720 --- [main] k.co.ch10.controller.MainControllerTest  : Started MainControllerTest in 1.871 seconds (JVM running for 2.935)
2023-01-17 17:14:52.445  INFO 12720 --- [main] kr.co.ch10.controller.MainController     : index log info...
2023-01-17 17:14:52.447  WARN 12720 --- [main] kr.co.ch10.controller.MainController     : index log warn...
2023-01-17 17:14:52.447 ERROR 12720 --- [main] kr.co.ch10.controller.MainController     : index log error...
2023-01-17 17:15:56.909  INFO 16752 --- [main] k.co.ch10.controller.MainControllerTest  : Starting MainControllerTest using Java 17.0.5 on DESKTOP-QOTDKI5 with PID 16752 (started by java2 in C:\Users\java2\Desktop\Workspace\SpringBoot\Ch10)
2023-01-17 17:15:56.910  INFO 16752 --- [main] k.co.ch10.controller.MainControllerTest  : No active profile set, falling back to 1 default profile: "default"
2023-01-17 17:15:57.981  INFO 16752 --- [main] o.s.b.a.w.s.WelcomePageHandlerMapping    : Adding welcome page template: index
2023-01-17 17:15:58.287  INFO 16752 --- [main] o.s.b.t.m.w.SpringBootMockServletContext : Initializing Spring TestDispatcherServlet ''
2023-01-17 17:15:58.288  INFO 16752 --- [main] o.s.t.web.servlet.TestDispatcherServlet  : Initializing Servlet ''
2023-01-17 17:15:58.291  INFO 16752 --- [main] o.s.t.web.servlet.TestDispatcherServlet  : Completed initialization in 2 ms
2023-01-17 17:15:58.329  INFO 16752 --- [main] k.co.ch10.controller.MainControllerTest  : Started MainControllerTest in 1.881 seconds (JVM running for 2.936)
2023-01-17 17:15:58.834  INFO 16752 --- [main] kr.co.ch10.controller.MainController     : index log info...
2023-01-17 17:15:58.834  WARN 16752 --- [main] kr.co.ch10.controller.MainController     : index log warn...
2023-01-17 17:15:58.834 ERROR 16752 --- [main] kr.co.ch10.controller.MainController     : index log error...
